d:\sources\source_c++\zlib\contrib\vstudio\vc11\x86\zlibstatrelease\vc120.pdb
d:\sources\source_c++\zlib\contrib\vstudio\vc11\x86\zlibstatrelease\tmp\zutil.obj
d:\sources\source_c++\zlib\contrib\vstudio\vc11\x86\zlibstatrelease\tmp\zip.obj
d:\sources\source_c++\zlib\contrib\vstudio\vc11\x86\zlibstatrelease\tmp\unzip.obj
d:\sources\source_c++\zlib\contrib\vstudio\vc11\x86\zlibstatrelease\tmp\uncompr.obj
d:\sources\source_c++\zlib\contrib\vstudio\vc11\x86\zlibstatrelease\tmp\trees.obj
d:\sources\source_c++\zlib\contrib\vstudio\vc11\x86\zlibstatrelease\tmp\ioapi.obj
d:\sources\source_c++\zlib\contrib\vstudio\vc11\x86\zlibstatrelease\tmp\inftrees.obj
d:\sources\source_c++\zlib\contrib\vstudio\vc11\x86\zlibstatrelease\tmp\inflate.obj
d:\sources\source_c++\zlib\contrib\vstudio\vc11\x86\zlibstatrelease\tmp\inffast.obj
d:\sources\source_c++\zlib\contrib\vstudio\vc11\x86\zlibstatrelease\tmp\infback.obj
d:\sources\source_c++\zlib\contrib\vstudio\vc11\x86\zlibstatrelease\tmp\gzwrite.obj
d:\sources\source_c++\zlib\contrib\vstudio\vc11\x86\zlibstatrelease\tmp\gzread.obj
d:\sources\source_c++\zlib\contrib\vstudio\vc11\x86\zlibstatrelease\tmp\gzlib.obj
d:\sources\source_c++\zlib\contrib\vstudio\vc11\x86\zlibstatrelease\tmp\gzclose.obj
d:\sources\source_c++\zlib\contrib\vstudio\vc11\x86\zlibstatrelease\tmp\deflate.obj
d:\sources\source_c++\zlib\contrib\vstudio\vc11\x86\zlibstatrelease\tmp\crc32.obj
d:\sources\source_c++\zlib\contrib\vstudio\vc11\x86\zlibstatrelease\tmp\compress.obj
d:\sources\source_c++\zlib\contrib\vstudio\vc11\x86\zlibstatrelease\tmp\adler32.obj
d:\sources\source_c++\zlib\contrib\vstudio\vc11\x86\zlibstatrelease\zlibstat.lib
d:\sources\source_c++\zlib\contrib\vstudio\vc11\x86\zlibstatrelease\tmp\zlib.res
d:\sources\source_c++\zlib\contrib\vstudio\vc11\x86\zlibstatrelease\tmp\zlibstat.tlog\cl.command.1.tlog
d:\sources\source_c++\zlib\contrib\vstudio\vc11\x86\zlibstatrelease\tmp\zlibstat.tlog\cl.read.1.tlog
d:\sources\source_c++\zlib\contrib\vstudio\vc11\x86\zlibstatrelease\tmp\zlibstat.tlog\cl.write.1.tlog
d:\sources\source_c++\zlib\contrib\vstudio\vc11\x86\zlibstatrelease\tmp\zlibstat.tlog\lib-link-cvtres.read.1.tlog
d:\sources\source_c++\zlib\contrib\vstudio\vc11\x86\zlibstatrelease\tmp\zlibstat.tlog\lib-link-cvtres.write.1.tlog
d:\sources\source_c++\zlib\contrib\vstudio\vc11\x86\zlibstatrelease\tmp\zlibstat.tlog\lib.command.1.tlog
d:\sources\source_c++\zlib\contrib\vstudio\vc11\x86\zlibstatrelease\tmp\zlibstat.tlog\rc.command.1.tlog
d:\sources\source_c++\zlib\contrib\vstudio\vc11\x86\zlibstatrelease\tmp\zlibstat.tlog\rc.read.1.tlog
d:\sources\source_c++\zlib\contrib\vstudio\vc11\x86\zlibstatrelease\tmp\zlibstat.tlog\rc.write.1.tlog
